<?xml version="1.0" encoding="UTF-8"?>
<testsuite name="com.seop.cafe.ApplicationTest" tests="1" skipped="0" failures="0" errors="0" timestamp="2022-12-30T01:00:12" hostname="gimtaeseob-ui-MacBookAir.local" time="0.089">
  <properties/>
  <testcase name="test()" classname="com.seop.cafe.ApplicationTest" time="0.089"/>
  <system-out><![CDATA[]]></system-out>
  <system-err><![CDATA[]]></system-err>
</testsuite>
